<?xml version="1.0" encoding="utf-8"?><testsuites name="pytest tests"><testsuite name="pytest" errors="0" failures="0" skipped="0" tests="24" time="0.080" timestamp="2026-05-04T14:46:55.128021+09:00" hostname="DESKTOP-NSB8K02"><testcase classname="tests.test_basic" name="test_initial_weight_is_zero" time="0.000" /><testcase classname="tests.test_basic" name="test_default_parameters" time="0.000" /><testcase classname="tests.test_basic" name="test_custom_parameters" time="0.000" /><testcase classname="tests.test_basic" name="test_update_increments_weight_with_input_one" time="0.000" /><testcase classname="tests.test_basic" name="test_update_decrements_weight_with_input_zero" time="0.000" /><testcase classname="tests.test_basic" name="test_weight_does_not_go_below_zero" time="0.000" /><testcase classname="tests.test_basic" name="test_weight_does_not_exceed_one" time="0.000" /><testcase classname="tests.test_basic" name="test_invalid_input_raises_value_error" time="0.000" /><testcase classname="tests.test_basic" name="test_reset_returns_weight_to_zero" time="0.000" /><testcase classname="tests.test_constant_input" name="test_final_weight_is_one" time="0.000" /><testcase classname="tests.test_constant_input" name="test_weight_reaches_one_at_t20" time="0.000" /><testcase classname="tests.test_constant_input" name="test_weight_is_stable_at_one_from_t20_to_t100" time="0.000" /><testcase classname="tests.test_constant_input" name="test_clipping_prevents_upper_overflow" time="0.000" /><testcase classname="tests.test_constant_input" name="test_linear_growth_before_clipping" time="0.000" /><testcase classname="tests.test_input_cessation" name="test_weight_is_one_just_before_input_change" time="0.000" /><testcase classname="tests.test_input_cessation" name="test_final_weight_is_zero" time="0.000" /><testcase classname="tests.test_input_cessation" name="test_linear_decay_slope" time="0.000" /><testcase classname="tests.test_input_cessation" name="test_weight_reaches_zero_at_t70" time="0.000" /><testcase classname="tests.test_input_cessation" name="test_weight_stays_at_zero_after_t70" time="0.000" /><testcase classname="tests.test_input_cessation" name="test_decay_increment_per_step" time="0.000" /><testcase classname="tests.test_reproducibility" name="test_constant_input_bit_perfect_across_seeds" time="0.012" /><testcase classname="tests.test_reproducibility" name="test_cessation_bit_perfect_across_seeds" time="0.000" /><testcase classname="tests.test_reproducibility" name="test_same_seed_produces_same_result" time="0.000" /><testcase classname="tests.test_reproducibility" name="test_model_is_seed_independent" time="0.000" /></testsuite></testsuites>