<?xml version="1.0" encoding="utf-8"?><testsuites name="pytest tests"><testsuite name="pytest" errors="0" failures="0" skipped="0" tests="45" time="0.284" timestamp="2026-05-04T16:43:20.258441+09:00" hostname="DESKTOP-NSB8K02"><testcase classname="src.analytical" name="analytical.analytical_solution" time="0.060" /><testcase classname="src.continuous_node" name="continuous_node.ContinuousNode" time="0.001" /><testcase classname="src.integrators" name="integrators.integrate_euler" time="0.001" /><testcase classname="src.integrators" name="integrators.integrate_rk4" time="0.001" /><testcase classname="tests.test_analytical" name="test_returns_initial_value_at_t_zero" time="0.000" /><testcase classname="tests.test_analytical" name="test_converges_to_equilibrium_with_input_one" time="0.000" /><testcase classname="tests.test_analytical" name="test_decays_to_zero_with_input_zero" time="0.000" /><testcase classname="tests.test_analytical" name="test_reaches_one_at_analytical_t_clip" time="0.000" /><testcase classname="tests.test_analytical" name="test_array_input" time="0.000" /><testcase classname="tests.test_analytical" name="test_decay_formula" time="0.000" /><testcase classname="tests.test_analytical" name="test_invalid_input_raises_value_error" time="0.000" /><testcase classname="tests.test_analytical" name="test_default_parameters" time="0.000" /><testcase classname="tests.test_clip_behavior" name="test_clip_keeps_weight_in_unit_interval" time="0.002" /><testcase classname="tests.test_clip_behavior" name="test_clip_activation_time_matches_analytical" time="0.002" /><testcase classname="tests.test_clip_behavior" name="test_weight_stable_at_one_after_clip" time="0.002" /><testcase classname="tests.test_clip_behavior" name="test_clip_disabled_overshoots_one" time="0.002" /><testcase classname="tests.test_clip_behavior" name="test_clip_difference_between_enabled_and_disabled" time="0.003" /><testcase classname="tests.test_continuous_node" name="test_initial_weight_is_zero" time="0.000" /><testcase classname="tests.test_continuous_node" name="test_update_changes_weight" time="0.000" /><testcase classname="tests.test_continuous_node" name="test_default_integrator_is_rk4" time="0.000" /><testcase classname="tests.test_continuous_node" name="test_euler_one_step" time="0.000" /><testcase classname="tests.test_continuous_node" name="test_rk4_one_step" time="0.000" /><testcase classname="tests.test_continuous_node" name="test_clip_disabled_allows_overshoot" time="0.001" /><testcase classname="tests.test_continuous_node" name="test_clip_enabled_caps_at_one" time="0.001" /><testcase classname="tests.test_continuous_node" name="test_clip_enabled_keeps_weight_non_negative" time="0.005" /><testcase classname="tests.test_continuous_node" name="test_invalid_input_raises_value_error" time="0.000" /><testcase classname="tests.test_continuous_node" name="test_invalid_dt_raises_value_error" time="0.000" /><testcase classname="tests.test_continuous_node" name="test_invalid_integrator_raises_value_error" time="0.000" /><testcase classname="tests.test_continuous_node" name="test_reset_returns_weight_to_zero" time="0.000" /><testcase classname="tests.test_continuous_node" name="test_kr_s1_via_node_loop_max_error" time="0.005" /><testcase classname="tests.test_continuous_node" name="test_kr_s2_via_node_loop_max_error" time="0.006" /><testcase classname="tests.test_convergence" name="test_euler_first_order_convergence" time="0.005" /><testcase classname="tests.test_convergence" name="test_rk4_fourth_order_convergence" time="0.005" /><testcase classname="tests.test_convergence" name="test_rk4_more_accurate_than_euler" time="0.022" /><testcase classname="tests.test_convergence" name="test_rk4_floor_effect_at_small_dt" time="0.016" /><testcase classname="tests.test_convergence" name="test_kr_s4_quantitative_summary" time="0.022" /><testcase classname="tests.test_integrators" name="test_initial_value_handling" time="0.000" /><testcase classname="tests.test_integrators" name="test_t_span_endpoints" time="0.000" /><testcase classname="tests.test_integrators" name="test_same_interface" time="0.000" /><testcase classname="tests.test_integrators" name="test_input_switching" time="0.013" /><testcase classname="tests.test_integrators" name="test_kr_s1_constant_input_max_error" time="0.012" /><testcase classname="tests.test_integrators" name="test_rk4_loses_accuracy_at_input_discontinuity" time="0.014" /><testcase classname="tests.test_integrators" name="test_constant_zero_input_no_change_from_zero" time="0.001" /><testcase classname="scenarios" name="scenarios.run_constant_input_scenario" time="0.001" /><testcase classname="scenarios" name="scenarios.run_input_cessation_scenario" time="0.001" /></testsuite></testsuites>