<?xml version="1.0" encoding="utf-8"?><testsuites name="pytest tests"><testsuite name="pytest" errors="0" failures="0" skipped="0" tests="76" time="0.871" timestamp="2026-05-04T19:11:19.686940+09:00" hostname="DESKTOP-NSB8K02"><properties><property name="hypothesis-statistics-tests/test_invariants.py::test_invariant_2_positivity_property_based" value="dGVzdHMvdGVzdF9pbnZhcmlhbnRzLnB5Ojp0ZXN0X2ludmFyaWFudF8yX3Bvc2l0aXZpdHlfcHJvcGVydHlfYmFzZWQ6CgogIC0gZHVyaW5nIGdlbmVyYXRlIHBoYXNlICgwLjAzIHNlY29uZHMpOgogICAgLSBUeXBpY2FsIHJ1bnRpbWVzOiA8IDFtcywgb2Ygd2hpY2ggPCAxbXMgaW4gZGF0YSBnZW5lcmF0aW9uCiAgICAtIDMwIHBhc3NpbmcgZXhhbXBsZXMsIDAgZmFpbGluZyBleGFtcGxlcywgMCBpbnZhbGlkIGV4YW1wbGVzCgogIC0gU3RvcHBlZCBiZWNhdXNlIHNldHRpbmdzLm1heF9leGFtcGxlcz0zMA==" /><property name="hypothesis-statistics-tests/test_invariants.py::test_invariant_5_heat_flow_property_based" value="dGVzdHMvdGVzdF9pbnZhcmlhbnRzLnB5Ojp0ZXN0X2ludmFyaWFudF81X2hlYXRfZmxvd19wcm9wZXJ0eV9iYXNlZDoKCiAgLSBkdXJpbmcgZ2VuZXJhdGUgcGhhc2UgKDAuMDEgc2Vjb25kcyk6CiAgICAtIFR5cGljYWwgcnVudGltZXM6IDwgMW1zLCBvZiB3aGljaCA8IDFtcyBpbiBkYXRhIGdlbmVyYXRpb24KICAgIC0gMjAgcGFzc2luZyBleGFtcGxlcywgMCBmYWlsaW5nIGV4YW1wbGVzLCAwIGludmFsaWQgZXhhbXBsZXMKCiAgLSBTdG9wcGVkIGJlY2F1c2Ugc2V0dGluZ3MubWF4X2V4YW1wbGVzPTIw" /></properties><testcase classname="scenarios" name="scenarios.run_constant_input_scenario" time="0.001" /><testcase classname="scenarios" name="scenarios.run_input_cessation_scenario" time="0.001" /><testcase classname="src.analytical" name="analytical.analytical_temperature" time="0.001" /><testcase classname="src.mms" name="mms.compute_source_term" time="0.059" /><testcase classname="src.mms" name="mms.integrate_with_source" time="0.002" /><testcase classname="src.mms" name="mms.manufactured_exponential" time="0.002" /><testcase classname="src.mms" name="mms.manufactured_polynomial" time="0.001" /><testcase classname="src.mms" name="mms.manufactured_trigonometric" time="0.002" /><testcase classname="src.temperature_node" name="temperature_node.TemperatureNode" time="0.001" /><testcase classname="tests.test_analytical" name="test_at_t_zero_returns_T_0" time="0.000" /><testcase classname="tests.test_analytical" name="test_input_one_approaches_T_eq" time="0.000" /><testcase classname="tests.test_analytical" name="test_input_zero_approaches_T_env" time="0.000" /><testcase classname="tests.test_analytical" name="test_input_zero_with_nonzero_T_env" time="0.000" /><testcase classname="tests.test_analytical" name="test_t_clip_in_unit_T_max_setup" time="0.000" /><testcase classname="tests.test_analytical" name="test_array_input" time="0.000" /><testcase classname="tests.test_analytical" name="test_input_bool_rejected" time="0.000" /><testcase classname="tests.test_analytical" name="test_input_invalid_int_rejected" time="0.000" /><testcase classname="tests.test_analytical" name="test_monotonicity_with_heating" time="0.000" /><testcase classname="tests.test_analytical" name="test_monotonicity_with_cooling" time="0.000" /><testcase classname="tests.test_invariants" name="test_invariant_1_monotonicity_during_constant_heating" time="0.001" /><testcase classname="tests.test_invariants" name="test_invariant_1_monotonicity_holds_for_clip_enabled_until_clip" time="0.001" /><testcase classname="tests.test_invariants" name="test_invariant_2_positivity_constant_input" time="0.001" /><testcase classname="tests.test_invariants" name="test_invariant_2_positivity_with_cessation" time="0.012" /><testcase classname="tests.test_invariants" name="test_invariant_2_positivity_random_input_pattern" time="0.002" /><testcase classname="tests.test_invariants" name="test_invariant_2_positivity_with_nonzero_T_env" time="0.001" /><testcase classname="tests.test_invariants" name="test_invariant_2_positivity_property_based" time="0.029" /><testcase classname="tests.test_invariants" name="test_invariant_3_boundedness_below_T_max" time="0.004" /><testcase classname="tests.test_invariants" name="test_invariant_3_boundedness_with_constant_heating" time="0.012" /><testcase classname="tests.test_invariants" name="test_invariant_3_no_clip_can_exceed_T_max" time="0.011" /><testcase classname="tests.test_invariants" name="test_invariant_4_equilibrium_no_clip" time="0.010" /><testcase classname="tests.test_invariants" name="test_invariant_4_equilibrium_with_clip" time="0.010" /><testcase classname="tests.test_invariants" name="test_invariant_4_equilibrium_zero_input_asymptote" time="0.024" /><testcase classname="tests.test_invariants" name="test_invariant_5_heat_flow_input_zero_decreases_T" time="0.000" /><testcase classname="tests.test_invariants" name="test_invariant_5_heat_flow_at_T_env_no_change" time="0.000" /><testcase classname="tests.test_invariants" name="test_invariant_5_heat_flow_property_based" time="0.011" /><testcase classname="tests.test_invariants" name="test_invariant_6_linearity_during_evolution" time="0.001" /><testcase classname="tests.test_invariants" name="test_invariant_6_linearity_with_shifted_range" time="0.000" /><testcase classname="tests.test_invariants" name="test_kr_s3_all_six_invariants_simultaneously" time="0.002" /><testcase classname="tests.test_mms" name="test_kr_s4_polynomial_quadratic" time="0.006" /><testcase classname="tests.test_mms" name="test_kr_s4_polynomial_cubic" time="0.027" /><testcase classname="tests.test_mms" name="test_kr_s4_polynomial_constant" time="0.002" /><testcase classname="tests.test_mms" name="test_kr_s4_trigonometric" time="0.012" /><testcase classname="tests.test_mms" name="test_kr_s4_trigonometric_higher_frequency" time="0.004" /><testcase classname="tests.test_mms" name="test_kr_s4_exponential" time="0.011" /><testcase classname="tests.test_mms" name="test_kr_s4_exponential_different_decay_rate" time="0.011" /><testcase classname="tests.test_mms" name="test_kr_s4_polynomial_with_input_one" time="0.003" /><testcase classname="tests.test_mms" name="test_kr_s4_rk4_more_accurate_than_euler" time="0.005" /><testcase classname="tests.test_mms" name="test_kr_s4_summary_all_three_solution_types_pass" time="0.009" /><testcase classname="tests.test_sprint2_consistency" name="test_kr_s1_bit_perfect_constant_input_rk4" time="0.010" /><testcase classname="tests.test_sprint2_consistency" name="test_kr_s1_bit_perfect_constant_input_euler" time="0.001" /><testcase classname="tests.test_sprint2_consistency" name="test_kr_s1_bit_perfect_input_cessation" time="0.012" /><testcase classname="tests.test_sprint2_consistency" name="test_kr_s1_bit_perfect_with_clip" time="0.004" /><testcase classname="tests.test_sprint2_consistency" name="test_kr_s1_bit_perfect_full_array_equal" time="0.003" /><testcase classname="tests.test_temperature_node" name="test_default_construction" time="0.000" /><testcase classname="tests.test_temperature_node" name="test_custom_parameters" time="0.000" /><testcase classname="tests.test_temperature_node" name="test_reset_resets_T_to_T_env" time="0.000" /><testcase classname="tests.test_temperature_node" name="test_invalid_integrator" time="0.000" /><testcase classname="tests.test_temperature_node" name="test_T_max_le_T_env_rejected" time="0.000" /><testcase classname="tests.test_temperature_node" name="test_input_value_bool_rejected" time="0.000" /><testcase classname="tests.test_temperature_node" name="test_input_value_invalid_int_rejected" time="0.000" /><testcase classname="tests.test_temperature_node" name="test_input_value_string_rejected" time="0.000" /><testcase classname="tests.test_temperature_node" name="test_dt_must_be_positive" time="0.000" /><testcase classname="tests.test_temperature_node" name="test_temperature_is_primary_state" time="0.000" /><testcase classname="tests.test_temperature_node" name="test_weight_is_derived_property" time="0.000" /><testcase classname="tests.test_temperature_node" name="test_euler_step_matches_analytical" time="0.000" /><testcase classname="tests.test_temperature_node" name="test_rk4_step_matches_analytical" time="0.000" /><testcase classname="tests.test_weight_conversion" name="test_kr_s2_at_T_env_weight_is_zero" time="0.000" /><testcase classname="tests.test_weight_conversion" name="test_kr_s2_at_T_env_weight_is_zero_nonzero_T_env" time="0.000" /><testcase classname="tests.test_weight_conversion" name="test_kr_s2_at_T_max_weight_is_one" time="0.005" /><testcase classname="tests.test_weight_conversion" name="test_kr_s2_intermediate_value_linear" time="0.002" /><testcase classname="tests.test_weight_conversion" name="test_kr_s2_weight_property_during_evolution" time="0.000" /><testcase classname="tests.test_weight_conversion" name="test_kr_s2_with_shifted_T_env" time="0.000" /><testcase classname="tests.test_weight_conversion" name="test_kr_s2_initial_weight_with_arbitrary_T_env" time="0.000" /><testcase classname="tests.test_weight_conversion" name="test_kr_s2_invalid_T_max_le_T_env" time="0.000" /><testcase classname="tests.test_weight_conversion" name="test_kr_s2_doctest_example" time="0.000" /><testcase classname="tests.test_weight_conversion" name="test_kr_s2_random_T_env_T_max_invariant" time="0.001" /></testsuite></testsuites>